  Node.c
C:\Users\nafla\Desktop\college\college\code\大一上\学生信息系统\Node.c(19,10): warning C4477: “printf”: 格式字符串“%d”需要类型“int”的参数，但可变参数 1 拥有了类型“stu *”
C:\Users\nafla\Desktop\college\college\code\大一上\学生信息系统\Node.c(19,10): warning C4313: "printf": 格式字符串中的 "%d" 与类型为 "stu *" 的参数 1 冲突
C:\Users\nafla\Desktop\college\college\code\大一上\学生信息系统\Node.c(69,33): warning C4047: “函数”:“stu *”与“LTDataType”的间接级别不同
C:\Users\nafla\Desktop\college\college\code\大一上\学生信息系统\Node.c(69,32): warning C4024: “BuyListNode”: 形参和实参 1 的类型不同
C:\Users\nafla\Desktop\college\college\code\大一上\学生信息系统\Node.c(96,21): warning C4047: “==”:“stu *”与“LTDataType”的间接级别不同
C:\Users\nafla\Desktop\college\college\code\大一上\学生信息系统\Node.c(110,33): warning C4047: “函数”:“stu *”与“LTDataType”的间接级别不同
C:\Users\nafla\Desktop\college\college\code\大一上\学生信息系统\Node.c(110,32): warning C4024: “BuyListNode”: 形参和实参 1 的类型不同
  student.c
C:\Users\nafla\Desktop\college\college\code\大一上\学生信息系统\student.c(71,18): warning C4047: “函数”:“LTNode **”与“LTNode *”的间接级别不同
C:\Users\nafla\Desktop\college\college\code\大一上\学生信息系统\student.c(71,15): warning C4024: “initclass”: 形参和实参 1 的类型不同
C:\Users\nafla\Desktop\college\college\code\大一上\学生信息系统\student.c(96,17): warning C4047: “函数”:“LTNode **”与“LTNode *”的间接级别不同
C:\Users\nafla\Desktop\college\college\code\大一上\学生信息系统\student.c(96,14): warning C4024: “initclass”: 形参和实参 1 的类型不同
C:\Users\nafla\Desktop\college\college\code\大一上\学生信息系统\student.c(100,24): warning C4028: 形参 1 与声明不同
C:\Users\nafla\Desktop\college\college\code\大一上\学生信息系统\student.c(135,3): warning C4033: “scanstu”必须返回值
C:\Users\nafla\Desktop\college\college\code\大一上\学生信息系统\student.c(218,12): warning C4133: “函数”: 从“LTNode *”到“stu *”的类型不兼容
C:\Users\nafla\Desktop\college\college\code\大一上\学生信息系统\student.c(222,23): warning C4028: 形参 1 与声明不同
C:\Users\nafla\Desktop\college\college\code\大一上\学生信息系统\student.c(238,8): warning C4473: “scanf”: 没有为格式字符串传递足够的参数
C:\Users\nafla\Desktop\college\college\code\大一上\学生信息系统\student.c(238,8): message : 占位符和其参数预计 1 可变参数，但提供的却是 0 参数
C:\Users\nafla\Desktop\college\college\code\大一上\学生信息系统\student.c(238,8): message : 缺失的可变参数 1 为格式字符串“%c”所需
C:\Users\nafla\Desktop\college\college\code\大一上\学生信息系统\student.c(309,3): warning C4033: “search”必须返回值
C:\Users\nafla\Desktop\college\college\code\大一上\学生信息系统\student.c(322,3): warning C4033: “search”必须返回值
C:\Users\nafla\Desktop\college\college\code\大一上\学生信息系统\student.c(340,8): warning C4133: “=”: 从“LTNode *”到“stu *”的类型不兼容
C:\Users\nafla\Desktop\college\college\code\大一上\学生信息系统\student.c(353,8): warning C4133: “=”: 从“LTNode *”到“stu *”的类型不兼容
C:\Users\nafla\Desktop\college\college\code\大一上\学生信息系统\student.c(364,2): warning C4133: “return”: 从“stu *”到“LTNode *”的类型不兼容
  test.c
C:\Users\nafla\Desktop\college\college\code\大一上\学生信息系统\test.c(34,17): warning C4047: “函数”:“LTNode **”与“LTNode *”的间接级别不同
C:\Users\nafla\Desktop\college\college\code\大一上\学生信息系统\test.c(34,14): warning C4024: “initclass”: 形参和实参 1 的类型不同
  正在生成代码
C:\Users\nafla\Desktop\college\college\code\大一上\学生信息系统\student.c(152): warning C4715: “scanstu”: 不是所有的控件路径都返回值
C:\Users\nafla\Desktop\college\college\code\大一上\学生信息系统\student.c(365): warning C4715: “search”: 不是所有的控件路径都返回值
  30 of 33 functions (90.9%) were compiled, the rest were copied from previous compilation.
    25 functions were new in current compilation
    0 functions had inline decision re-evaluated but remain unchanged
  已完成代码的生成
  学生信息系统.vcxproj -> C:\Users\nafla\Desktop\college\college\code\大一上\x64\Release\学生信息系统.exe
