  Node.c
C:\Users\nafla\Desktop\college\college\code\大一上\学生信息系统\Node.c(16,10): warning C4477: “printf”: 格式字符串“%d”需要类型“int”的参数，但可变参数 1 拥有了类型“stu *”
C:\Users\nafla\Desktop\college\college\code\大一上\学生信息系统\Node.c(16,10): warning C4313: "printf": 格式字符串中的 "%d" 与类型为 "stu *" 的参数 1 冲突
C:\Users\nafla\Desktop\college\college\code\大一上\学生信息系统\Node.c(59,33): warning C4047: “函数”:“stu *”与“LTDataType”的间接级别不同
C:\Users\nafla\Desktop\college\college\code\大一上\学生信息系统\Node.c(59,32): warning C4024: “BuyListNode”: 形参和实参 1 的类型不同
C:\Users\nafla\Desktop\college\college\code\大一上\学生信息系统\Node.c(81,21): warning C4047: “==”:“stu *”与“LTDataType”的间接级别不同
C:\Users\nafla\Desktop\college\college\code\大一上\学生信息系统\Node.c(93,33): warning C4047: “函数”:“stu *”与“LTDataType”的间接级别不同
C:\Users\nafla\Desktop\college\college\code\大一上\学生信息系统\Node.c(93,32): warning C4024: “BuyListNode”: 形参和实参 1 的类型不同
  student.c
C:\Users\nafla\Desktop\college\college\code\大一上\学生信息系统\student.c(67,18): warning C4047: “函数”:“LTNode **”与“LTNode *”的间接级别不同
C:\Users\nafla\Desktop\college\college\code\大一上\学生信息系统\student.c(67,15): warning C4024: “initclass”: 形参和实参 1 的类型不同
C:\Users\nafla\Desktop\college\college\code\大一上\学生信息系统\student.c(90,17): warning C4047: “函数”:“LTNode **”与“LTNode *”的间接级别不同
C:\Users\nafla\Desktop\college\college\code\大一上\学生信息系统\student.c(90,14): warning C4024: “initclass”: 形参和实参 1 的类型不同
C:\Users\nafla\Desktop\college\college\code\大一上\学生信息系统\student.c(94,24): warning C4028: 形参 1 与声明不同
C:\Users\nafla\Desktop\college\college\code\大一上\学生信息系统\student.c(130,3): warning C4033: “scanstu”必须返回值
C:\Users\nafla\Desktop\college\college\code\大一上\学生信息系统\student.c(213,12): warning C4133: “函数”: 从“LTNode *”到“stu *”的类型不兼容
C:\Users\nafla\Desktop\college\college\code\大一上\学生信息系统\student.c(217,23): warning C4028: 形参 1 与声明不同
C:\Users\nafla\Desktop\college\college\code\大一上\学生信息系统\student.c(233,8): warning C4473: “scanf”: 没有为格式字符串传递足够的参数
C:\Users\nafla\Desktop\college\college\code\大一上\学生信息系统\student.c(233,8): message : 占位符和其参数预计 1 可变参数，但提供的却是 0 参数
C:\Users\nafla\Desktop\college\college\code\大一上\学生信息系统\student.c(233,8): message : 缺失的可变参数 1 为格式字符串“%c”所需
C:\Users\nafla\Desktop\college\college\code\大一上\学生信息系统\student.c(304,3): warning C4033: “search”必须返回值
C:\Users\nafla\Desktop\college\college\code\大一上\学生信息系统\student.c(317,3): warning C4033: “search”必须返回值
C:\Users\nafla\Desktop\college\college\code\大一上\学生信息系统\student.c(335,8): warning C4133: “=”: 从“LTNode *”到“stu *”的类型不兼容
C:\Users\nafla\Desktop\college\college\code\大一上\学生信息系统\student.c(348,8): warning C4133: “=”: 从“LTNode *”到“stu *”的类型不兼容
C:\Users\nafla\Desktop\college\college\code\大一上\学生信息系统\student.c(359,2): warning C4133: “return”: 从“stu *”到“LTNode *”的类型不兼容
  test.c
C:\Users\nafla\Desktop\college\college\code\大一上\学生信息系统\test.c(34,17): warning C4047: “函数”:“LTNode **”与“LTNode *”的间接级别不同
C:\Users\nafla\Desktop\college\college\code\大一上\学生信息系统\test.c(34,14): warning C4024: “initclass”: 形参和实参 1 的类型不同
  正在生成代码...
C:\Users\nafla\Desktop\college\college\code\大一上\学生信息系统\student.c(147): warning C4715: “scanstu”: 不是所有的控件路径都返回值
C:\Users\nafla\Desktop\college\college\code\大一上\学生信息系统\student.c(360): warning C4715: “search”: 不是所有的控件路径都返回值
  学生信息系统.vcxproj -> C:\Users\nafla\Desktop\college\college\code\大一上\x64\Debug\学生信息系统.exe
